0 info it worked if it ends with ok
1 verbose cli [ 'C:\\Program Files\\nodejs\\node.exe',
1 verbose cli   'C:\\Program Files\\nodejs\\node_modules\\npm\\bin\\npm-cli.js',
1 verbose cli   'run',
1 verbose cli   'cucumber' ]
2 info using npm@4.1.2
3 info using node@v7.5.0
4 verbose run-script [ 'precucumber', 'cucumber', 'postcucumber' ]
5 info lifecycle try001-pro-ts-cucumber@1.0.0~precucumber: try001-pro-ts-cucumber@1.0.0
6 silly lifecycle try001-pro-ts-cucumber@1.0.0~precucumber: no script for precucumber, continuing
7 info lifecycle try001-pro-ts-cucumber@1.0.0~cucumber: try001-pro-ts-cucumber@1.0.0
8 verbose lifecycle try001-pro-ts-cucumber@1.0.0~cucumber: unsafe-perm in lifecycle true
9 verbose lifecycle try001-pro-ts-cucumber@1.0.0~cucumber: PATH: C:\Program Files\nodejs\node_modules\npm\bin\node-gyp-bin;C:\Desktop\Training\protractor-cucumber-typescript\node_modules\.bin;C:\Program Files (x86)\HP\NV\lib\shunra\vcat;C:\ProgramData\Oracle\Java\javapath;C:\Program Files (x86)\Intel\iCLS Client\;C:\Program Files\Intel\iCLS Client\;C:\Windows\system32;C:\Windows;C:\Windows\System32\Wbem;C:\Windows\System32\WindowsPowerShell\v1.0\;C:\Program Files (x86)\Intel\Intel(R) Management Engine Components\DAL;C:\Program Files\Intel\Intel(R) Management Engine Components\DAL;C:\Program Files (x86)\Intel\Intel(R) Management Engine Components\IPT;C:\Program Files\Intel\Intel(R) Management Engine Components\IPT;C:\Program Files\Intel\WiFi\bin\;C:\Program Files\Common Files\Intel\WirelessCommon\;C:\mongodb\bin;C:\ProgramData\chocolatey\bin;C:\Python27;C:\Python27\Scripts;C:\Program Files\MySQL\MySQL Server 5.7\bin;C:\Program Files (x86)\Java\jdk1.7.0_71\bin;C:\Program Files\Android\ndk\android-ndk-r11c;C:\wamp64\bin\php\php5.6.19;C:\maven\bin;C:\Program Files\Git\cmd;C:\Desktop\Training\Files;C:\Program Files (x86)\HP\LoadRunner\strawberry-perl\perl\bin;C:\Program Files (x86)\HP\NV\lib\thirdparty\safenet\LDK\7.0;C:\Program Files (x86)\HP\NV\lib\shunra\snv;C:\Desktop\Tools\apache-ant-1.9.7\bin;C:\Program Files\nodejs\;C:\Program Files\dotnet\;C:\Program Files (x86)\Skype\Phone\;;C:\Program Files (x86)\Microsoft VS Code\bin;C:\Program Files\Docker Toolbox;C:\Users\firdaus.kamaruddin\AppData\Roaming\npm
10 verbose lifecycle try001-pro-ts-cucumber@1.0.0~cucumber: CWD: C:\Desktop\Training\protractor-cucumber-typescript
11 silly lifecycle try001-pro-ts-cucumber@1.0.0~cucumber: Args: [ '/d /s /c', 'tsc && protractor dist/cucumber.conf.js' ]
12 silly lifecycle try001-pro-ts-cucumber@1.0.0~cucumber: Returned: code: 1  signal: null
13 info lifecycle try001-pro-ts-cucumber@1.0.0~cucumber: Failed to exec cucumber script
14 verbose stack Error: try001-pro-ts-cucumber@1.0.0 cucumber: `tsc && protractor dist/cucumber.conf.js`
14 verbose stack Exit status 1
14 verbose stack     at EventEmitter.<anonymous> (C:\Program Files\nodejs\node_modules\npm\lib\utils\lifecycle.js:279:16)
14 verbose stack     at emitTwo (events.js:106:13)
14 verbose stack     at EventEmitter.emit (events.js:192:7)
14 verbose stack     at ChildProcess.<anonymous> (C:\Program Files\nodejs\node_modules\npm\lib\utils\spawn.js:40:14)
14 verbose stack     at emitTwo (events.js:106:13)
14 verbose stack     at ChildProcess.emit (events.js:192:7)
14 verbose stack     at maybeClose (internal/child_process.js:890:16)
14 verbose stack     at Process.ChildProcess._handle.onexit (internal/child_process.js:226:5)
15 verbose pkgid try001-pro-ts-cucumber@1.0.0
16 verbose cwd C:\Desktop\Training\protractor-cucumber-typescript
17 error Windows_NT 6.1.7601
18 error argv "C:\\Program Files\\nodejs\\node.exe" "C:\\Program Files\\nodejs\\node_modules\\npm\\bin\\npm-cli.js" "run" "cucumber"
19 error node v7.5.0
20 error npm  v4.1.2
21 error code ELIFECYCLE
22 error try001-pro-ts-cucumber@1.0.0 cucumber: `tsc && protractor dist/cucumber.conf.js`
22 error Exit status 1
23 error Failed at the try001-pro-ts-cucumber@1.0.0 cucumber script 'tsc && protractor dist/cucumber.conf.js'.
23 error Make sure you have the latest version of node.js and npm installed.
23 error If you do, this is most likely a problem with the try001-pro-ts-cucumber package,
23 error not with npm itself.
23 error Tell the author that this fails on your system:
23 error     tsc && protractor dist/cucumber.conf.js
23 error You can get information on how to open an issue for this project with:
23 error     npm bugs try001-pro-ts-cucumber
23 error Or if that isn't available, you can get their info via:
23 error     npm owner ls try001-pro-ts-cucumber
23 error There is likely additional logging output above.
24 verbose exit [ 1, true ]
